  callback.cxx
  exceptions.cxx
E:\Downloads\odb\libodb-2.4.0\odb/exception.hxx(19): warning C4275: non dll-interface class 'std::exception' used as base for dll-interface struct 'odb::exception'
  C:\Program Files (x86)\Microsoft Visual Studio 14.0\VC\include\vcruntime_exception.h(43): note: see declaration of 'std::exception'
  E:\Downloads\odb\libodb-2.4.0\odb/exception.hxx(19): note: see declaration of 'odb::exception'
  database.cxx
E:\Downloads\odb\libodb-2.4.0\odb/exception.hxx(19): warning C4275: non dll-interface class 'std::exception' used as base for dll-interface struct 'odb::exception'
  C:\Program Files (x86)\Microsoft Visual Studio 14.0\VC\include\vcruntime_exception.h(43): note: see declaration of 'std::exception'
  E:\Downloads\odb\libodb-2.4.0\odb/exception.hxx(19): note: see declaration of 'odb::exception'
  vector-impl.cxx
E:\Downloads\odb\libodb-2.4.0\odb/exception.hxx(19): warning C4275: non dll-interface class 'std::exception' used as base for dll-interface struct 'odb::exception'
  C:\Program Files (x86)\Microsoft Visual Studio 14.0\VC\include\vcruntime_exception.h(43): note: see declaration of 'std::exception'
  E:\Downloads\odb\libodb-2.4.0\odb/exception.hxx(19): note: see declaration of 'odb::exception'
  connection.cxx
E:\Downloads\odb\libodb-2.4.0\odb/exception.hxx(19): warning C4275: non dll-interface class 'std::exception' used as base for dll-interface struct 'odb::exception'
  C:\Program Files (x86)\Microsoft Visual Studio 14.0\VC\include\vcruntime_exception.h(43): note: see declaration of 'std::exception'
  E:\Downloads\odb\libodb-2.4.0\odb/exception.hxx(19): note: see declaration of 'odb::exception'
  lazy-ptr-impl.cxx
E:\Downloads\odb\libodb-2.4.0\odb/exception.hxx(19): warning C4275: non dll-interface class 'std::exception' used as base for dll-interface struct 'odb::exception'
  C:\Program Files (x86)\Microsoft Visual Studio 14.0\VC\include\vcruntime_exception.h(43): note: see declaration of 'std::exception'
  E:\Downloads\odb\libodb-2.4.0\odb/exception.hxx(19): note: see declaration of 'odb::exception'
  prepared-query.cxx
E:\Downloads\odb\libodb-2.4.0\odb/exception.hxx(19): warning C4275: non dll-interface class 'std::exception' used as base for dll-interface struct 'odb::exception'
  C:\Program Files (x86)\Microsoft Visual Studio 14.0\VC\include\vcruntime_exception.h(43): note: see declaration of 'std::exception'
  E:\Downloads\odb\libodb-2.4.0\odb/exception.hxx(19): note: see declaration of 'odb::exception'
  query-dynamic.cxx
E:\Downloads\odb\libodb-2.4.0\odb/exception.hxx(19): warning C4275: non dll-interface class 'std::exception' used as base for dll-interface struct 'odb::exception'
  C:\Program Files (x86)\Microsoft Visual Studio 14.0\VC\include\vcruntime_exception.h(43): note: see declaration of 'std::exception'
  E:\Downloads\odb\libodb-2.4.0\odb/exception.hxx(19): note: see declaration of 'odb::exception'
  result.cxx
E:\Downloads\odb\libodb-2.4.0\odb/exception.hxx(19): warning C4275: non dll-interface class 'std::exception' used as base for dll-interface struct 'odb::exception'
  C:\Program Files (x86)\Microsoft Visual Studio 14.0\VC\include\vcruntime_exception.h(43): note: see declaration of 'std::exception'
  E:\Downloads\odb\libodb-2.4.0\odb/exception.hxx(19): note: see declaration of 'odb::exception'
  schema-catalog.cxx
E:\Downloads\odb\libodb-2.4.0\odb/exception.hxx(19): warning C4275: non dll-interface class 'std::exception' used as base for dll-interface struct 'odb::exception'
  C:\Program Files (x86)\Microsoft Visual Studio 14.0\VC\include\vcruntime_exception.h(43): note: see declaration of 'std::exception'
  E:\Downloads\odb\libodb-2.4.0\odb/exception.hxx(19): note: see declaration of 'odb::exception'
  section.cxx
E:\Downloads\odb\libodb-2.4.0\odb/exception.hxx(19): warning C4275: non dll-interface class 'std::exception' used as base for dll-interface struct 'odb::exception'
  C:\Program Files (x86)\Microsoft Visual Studio 14.0\VC\include\vcruntime_exception.h(43): note: see declaration of 'std::exception'
  E:\Downloads\odb\libodb-2.4.0\odb/exception.hxx(19): note: see declaration of 'odb::exception'
  session.cxx
E:\Downloads\odb\libodb-2.4.0\odb/exception.hxx(19): warning C4275: non dll-interface class 'std::exception' used as base for dll-interface struct 'odb::exception'
  C:\Program Files (x86)\Microsoft Visual Studio 14.0\VC\include\vcruntime_exception.h(43): note: see declaration of 'std::exception'
  E:\Downloads\odb\libodb-2.4.0\odb/exception.hxx(19): note: see declaration of 'odb::exception'
  statement.cxx
E:\Downloads\odb\libodb-2.4.0\odb/exception.hxx(19): warning C4275: non dll-interface class 'std::exception' used as base for dll-interface struct 'odb::exception'
  C:\Program Files (x86)\Microsoft Visual Studio 14.0\VC\include\vcruntime_exception.h(43): note: see declaration of 'std::exception'
  E:\Downloads\odb\libodb-2.4.0\odb/exception.hxx(19): note: see declaration of 'odb::exception'
  statement-processing.cxx
E:\Downloads\odb\libodb-2.4.0\odb/exception.hxx(19): warning C4275: non dll-interface class 'std::exception' used as base for dll-interface struct 'odb::exception'
  C:\Program Files (x86)\Microsoft Visual Studio 14.0\VC\include\vcruntime_exception.h(43): note: see declaration of 'std::exception'
  E:\Downloads\odb\libodb-2.4.0\odb/exception.hxx(19): note: see declaration of 'odb::exception'
  tracer.cxx
E:\Downloads\odb\libodb-2.4.0\odb/exception.hxx(19): warning C4275: non dll-interface class 'std::exception' used as base for dll-interface struct 'odb::exception'
  C:\Program Files (x86)\Microsoft Visual Studio 14.0\VC\include\vcruntime_exception.h(43): note: see declaration of 'std::exception'
  E:\Downloads\odb\libodb-2.4.0\odb/exception.hxx(19): note: see declaration of 'odb::exception'
  transaction.cxx
E:\Downloads\odb\libodb-2.4.0\odb/exception.hxx(19): warning C4275: non dll-interface class 'std::exception' used as base for dll-interface struct 'odb::exception'
  C:\Program Files (x86)\Microsoft Visual Studio 14.0\VC\include\vcruntime_exception.h(43): note: see declaration of 'std::exception'
  E:\Downloads\odb\libodb-2.4.0\odb/exception.hxx(19): note: see declaration of 'odb::exception'
  buffer.cxx
  condition.cxx
E:\Downloads\odb\libodb-2.4.0\odb/exception.hxx(19): warning C4275: non dll-interface class 'std::exception' used as base for dll-interface struct 'odb::exception'
  C:\Program Files (x86)\Microsoft Visual Studio 14.0\VC\include\vcruntime_exception.h(43): note: see declaration of 'std::exception'
  E:\Downloads\odb\libodb-2.4.0\odb/exception.hxx(19): note: see declaration of 'odb::exception'
  lock.cxx
  mutex.cxx
  base.cxx
E:\Downloads\odb\libodb-2.4.0\odb/exception.hxx(19): warning C4275: non dll-interface class 'std::exception' used as base for dll-interface struct 'odb::exception'
  C:\Program Files (x86)\Microsoft Visual Studio 14.0\VC\include\vcruntime_exception.h(43): note: see declaration of 'std::exception'
  E:\Downloads\odb\libodb-2.4.0\odb/exception.hxx(19): note: see declaration of 'odb::exception'
  init.cxx
  once.cxx
  tls.cxx
E:\Downloads\odb\libodb-2.4.0\odb/exception.hxx(19): warning C4275: non dll-interface class 'std::exception' used as base for dll-interface struct 'odb::exception'
  C:\Program Files (x86)\Microsoft Visual Studio 14.0\VC\include\vcruntime_exception.h(43): note: see declaration of 'std::exception'
  E:\Downloads\odb\libodb-2.4.0\odb/exception.hxx(19): note: see declaration of 'odb::exception'
  condition.cxx
E:\Downloads\odb\libodb-2.4.0\odb/exception.hxx(19): warning C4275: non dll-interface class 'std::exception' used as base for dll-interface struct 'odb::exception'
  C:\Program Files (x86)\Microsoft Visual Studio 14.0\VC\include\vcruntime_exception.h(43): note: see declaration of 'std::exception'
  E:\Downloads\odb\libodb-2.4.0\odb/exception.hxx(19): note: see declaration of 'odb::exception'
  thread.cxx
E:\Downloads\odb\libodb-2.4.0\odb/exception.hxx(19): warning C4275: non dll-interface class 'std::exception' used as base for dll-interface struct 'odb::exception'
  C:\Program Files (x86)\Microsoft Visual Studio 14.0\VC\include\vcruntime_exception.h(43): note: see declaration of 'std::exception'
  E:\Downloads\odb\libodb-2.4.0\odb/exception.hxx(19): note: see declaration of 'odb::exception'
  exceptions.cxx
E:\Downloads\odb\libodb-2.4.0\odb/exception.hxx(19): warning C4275: non dll-interface class 'std::exception' used as base for dll-interface struct 'odb::exception'
  C:\Program Files (x86)\Microsoft Visual Studio 14.0\VC\include\vcruntime_exception.h(43): note: see declaration of 'std::exception'
  E:\Downloads\odb\libodb-2.4.0\odb/exception.hxx(19): note: see declaration of 'odb::exception'
  dll.cxx
     Creating library ..\lib64\odb.lib and object ..\lib64\odb.exp
  Generating code
  All 2507 functions were compiled because no usable IPDB/IOBJ from previous compilation was found.
  Finished generating code
  libodb-vc12.vcxproj -> E:\Downloads\odb\libodb-2.4.0\odb\..\bin64\odb-2.4-vc12.dll
  libodb-vc12.vcxproj -> ..\bin64\odb-2.4-vc12.pdb (Full PDB)
